number,value,datetime_start,datetime_complete,duration,params_colsample_bytree,params_learning_rate,params_max_depth,params_min_child_samples,params_n_estimators,params_num_leaves,params_reg_alpha,params_reg_lambda,params_subsample,state
99,3.3713486196340114,2026-03-07 10:03:02.156278,2026-03-07 10:03:09.630493,0 days 00:00:07.474215,0.8329958105674485,0.0508835152332655,5,20,500,123,0.3212302443143328,0.10256190620492474,0.6559966678687679,COMPLETE
